<?xml version="1.0" encoding="UTF-8"?>
<testsuite xmlns:xsi="http://www.w3.org/2001/XMLSchema-instance" xsi:noNamespaceSchemaLocation="https://maven.apache.org/surefire/maven-surefire-plugin/xsd/surefire-test-report.xsd" name="TestSuite" time="295.456" tests="10" errors="0" skipped="0" failures="0">
  <properties>
[...]
</properties>
  <testcase name="runScenario" classname="MyRunner.Runner" time="24.342"/>
  <testcase name="runScenario" classname="MyRunner.Runner" time="12.619"/>
  <testcase name="runScenario" classname="MyRunner.Runner" time="11.228"/>
  <testcase name="runScenario" classname="MyRunner.Runner" time="40.927"/>
  <testcase name="runScenario" classname="MyRunner.Runner" time="43.805"/>
  <testcase name="runScenario" classname="MyRunner.Runner" time="21.582"/>
  <testcase name="runScenario" classname="MyRunner.Runner" time="18.351"/>
  <testcase name="runScenario" classname="MyRunner.Runner" time="17.461"/>
  <testcase name="runScenario" classname="MyRunner.Runner" time="50.367"/>
  <testcase name="runScenario" classname="MyRunner.Runner" time="47.424"/>
</testsuite>