<?xml version="1.0" encoding="UTF-8"?>
<testng-results ignored="0" total="5" passed="5" failed="0" skipped="0">
  <reporter-output>
  </reporter-output>
  <suite started-at="2021-10-31T18:07:07 GMT" name="BDD Test Suite" finished-at="2021-10-31T18:08:56 GMT" duration-ms="108505">
    <groups>
      <group name="cucumber">
        <method signature="AbstractTestNGCucumberTests.runScenario(io.cucumber.testng.PickleWrapper, io.cucumber.testng.FeatureWrapper)[pri:0, instance:MyRunner.Runner@56cdfb3b]" name="runScenario" class="io.cucumber.testng.AbstractTestNGCucumberTests"/>
      </group> <!-- cucumber -->
    </groups>
    <test started-at="2021-10-31T18:07:07 GMT" name="Eligibility Checker Test - Chrome" finished-at="2021-10-31T18:08:56 GMT" duration-ms="108505">
      <class name="MyRunner.Runner">
        <test-method is-config="true" signature="setUp(java.lang.String)[pri:0, instance:MyRunner.Runner@56cdfb3b]" started-at="2021-10-31T18:07:07 GMT" name="setUp" finished-at="2021-10-31T18:07:07 GMT" duration-ms="22" status="PASS">
          <params>
            <param index="0">
              <value>
                <![CDATA[chrome]]>
              </value>
            </param>
          </params>
          <reporter-output>
          </reporter-output>
        </test-method> <!-- setUp -->
        <test-method is-config="true" signature="setUpClass()[pri:0, instance:MyRunner.Runner@56cdfb3b]" started-at="2021-10-31T18:07:07 GMT" name="setUpClass" finished-at="2021-10-31T18:07:09 GMT" duration-ms="1294" status="PASS">
          <reporter-output>
          </reporter-output>
        </test-method> <!-- setUpClass -->
        <test-method signature="runScenario(io.cucumber.testng.PickleWrapper, io.cucumber.testng.FeatureWrapper)[pri:0, instance:MyRunner.Runner@56cdfb3b]" started-at="2021-10-31T18:07:09 GMT" name="runScenario" description="Runs Cucumber Scenarios" data-provider="scenarios" finished-at="2021-10-31T18:07:19 GMT" duration-ms="10940" status="PASS">
          <params>
            <param index="0">
              <value>
                <![CDATA["Wales Test Ticket - Free Dental check -"29-10-2003" (Age Range 18 to 25 and Above 60)"]]>
              </value>
            </param>
            <param index="1">
              <value>
                <![CDATA["Optional[Eligibility Checker]"]]>
              </value>
            </param>
          </params>
          <reporter-output>
          </reporter-output>
        </test-method> <!-- runScenario -->
        <test-method signature="runScenario(io.cucumber.testng.PickleWrapper, io.cucumber.testng.FeatureWrapper)[pri:0, instance:MyRunner.Runner@56cdfb3b]" started-at="2021-10-31T18:07:19 GMT" name="runScenario" description="Runs Cucumber Scenarios" data-provider="scenarios" finished-at="2021-10-31T18:07:28 GMT" duration-ms="8605" status="PASS">
          <params>
            <param index="0">
              <value>
                <![CDATA["Wales Test Ticket - Free Dental check -"29-10-1997" (Age Range 18 to 25 and Above 60)"]]>
              </value>
            </param>
            <param index="1">
              <value>
                <![CDATA["Optional[Eligibility Checker]"]]>
              </value>
            </param>
          </params>
          <reporter-output>
          </reporter-output>
        </test-method> <!-- runScenario -->
        <test-method signature="runScenario(io.cucumber.testng.PickleWrapper, io.cucumber.testng.FeatureWrapper)[pri:0, instance:MyRunner.Runner@56cdfb3b]" started-at="2021-10-31T18:07:28 GMT" name="runScenario" description="Runs Cucumber Scenarios" data-provider="scenarios" finished-at="2021-10-31T18:07:36 GMT" duration-ms="7763" status="PASS">
          <params>
            <param index="0">
              <value>
                <![CDATA["Wales Test Ticket - Free Dental check -"10-10-1961" (Age Range 18 to 25 and Above 60)"]]>
              </value>
            </param>
            <param index="1">
              <value>
                <![CDATA["Optional[Eligibility Checker]"]]>
              </value>
            </param>
          </params>
          <reporter-output>
          </reporter-output>
        </test-method> <!-- runScenario -->
        <test-method signature="runScenario(io.cucumber.testng.PickleWrapper, io.cucumber.testng.FeatureWrapper)[pri:0, instance:MyRunner.Runner@56cdfb3b]" started-at="2021-10-31T18:07:36 GMT" name="runScenario" description="Runs Cucumber Scenarios" data-provider="scenarios" finished-at="2021-10-31T18:08:14 GMT" duration-ms="38543" status="PASS">
          <params>
            <param index="0">
              <value>
                <![CDATA["Wales Test Ticket - No Free Dental check (Age Range 25 to 60)"]]>
              </value>
            </param>
            <param index="1">
              <value>
                <![CDATA["Optional[Eligibility Checker]"]]>
              </value>
            </param>
          </params>
          <reporter-output>
          </reporter-output>
        </test-method> <!-- runScenario -->
        <test-method signature="runScenario(io.cucumber.testng.PickleWrapper, io.cucumber.testng.FeatureWrapper)[pri:0, instance:MyRunner.Runner@56cdfb3b]" started-at="2021-10-31T18:08:14 GMT" name="runScenario" description="Runs Cucumber Scenarios" data-provider="scenarios" finished-at="2021-10-31T18:08:53 GMT" duration-ms="38861" status="PASS">
          <params>
            <param index="0">
              <value>
                <![CDATA["Wales Test Ticket - No Free Dental check (Age Range 25 to 60)"]]>
              </value>
            </param>
            <param index="1">
              <value>
                <![CDATA["Optional[Eligibility Checker]"]]>
              </value>
            </param>
          </params>
          <reporter-output>
          </reporter-output>
        </test-method> <!-- runScenario -->
        <test-method is-config="true" signature="tearDownClass()[pri:0, instance:MyRunner.Runner@56cdfb3b]" started-at="2021-10-31T18:08:53 GMT" name="tearDownClass" finished-at="2021-10-31T18:08:56 GMT" duration-ms="2402" status="PASS">
          <reporter-output>
          </reporter-output>
        </test-method> <!-- tearDownClass -->
      </class> <!-- MyRunner.Runner -->
    </test> <!-- Eligibility Checker Test - Chrome -->
  </suite> <!-- BDD Test Suite -->
</testng-results>
