<?xml version="1.0" encoding="UTF-8"?>
<!-- Generated by org.testng.reporters.JUnitXMLReporter -->
<testsuite hostname="DESKTOP-PE6T2MU" ignored="0" name="Eligibility Checker Test - Firefox" tests="5" failures="0" timestamp="2021-10-31T18:43:37 GMT" time="156.745" errors="0">
  <testcase name="runScenario" time="21.583" classname="io.cucumber.testng.AbstractTestNGCucumberTests"/>
  <testcase name="runScenario" time="18.349" classname="io.cucumber.testng.AbstractTestNGCucumberTests"/>
  <testcase name="runScenario" time="17.463" classname="io.cucumber.testng.AbstractTestNGCucumberTests"/>
  <testcase name="runScenario" time="50.367" classname="io.cucumber.testng.AbstractTestNGCucumberTests"/>
  <testcase name="runScenario" time="47.424" classname="io.cucumber.testng.AbstractTestNGCucumberTests"/>
</testsuite> <!-- Eligibility Checker Test - Firefox -->
