<?xml version="1.0" encoding="UTF-8"?>
<!-- Generated by org.testng.reporters.JUnitXMLReporter -->
<testsuite hostname="DESKTOP-PE6T2MU" ignored="0" name="Eligibility Checker Test - Chrome" tests="5" failures="0" timestamp="2021-10-31T18:41:00 GMT" time="137.251" errors="0">
  <testcase name="runScenario" time="24.338" classname="io.cucumber.testng.AbstractTestNGCucumberTests"/>
  <testcase name="runScenario" time="12.622" classname="io.cucumber.testng.AbstractTestNGCucumberTests"/>
  <testcase name="runScenario" time="11.228" classname="io.cucumber.testng.AbstractTestNGCucumberTests"/>
  <testcase name="runScenario" time="40.928" classname="io.cucumber.testng.AbstractTestNGCucumberTests"/>
  <testcase name="runScenario" time="43.805" classname="io.cucumber.testng.AbstractTestNGCucumberTests"/>
</testsuite> <!-- Eligibility Checker Test - Chrome -->
